<?xml version="1.0" encoding="UTF-8"?>
<!-- Generated by org.testng.reporters.JUnitXMLReporter -->
<testsuite hostname="LAPTOP-95JK0H48" ignored="13" name="Command line test" tests="51" failures="7" timestamp="2021-12-20T14:11:57 COT" time="73.073" errors="0">
  <testcase name="@BeforeClass setUp" time="-1.640027471523E9" classname="miniproject.TestNG_SeleniumParametersParallelExample">
    <failure type="org.testng.TestNGException" message="
Parameter &amp;apos;browser&amp;apos; is required by BeforeClass on method setUp but has not been marked @Optional or defined
">
      <![CDATA[org.testng.TestNGException: 
Parameter 'browser' is required by BeforeClass on method setUp but has not been marked @Optional or defined

at java.util.ArrayList.forEach(ArrayList.java:1257)
... Removed 32 stack frames]]>
    </failure>
  </testcase> <!-- @BeforeClass setUp -->
  <testcase name="@AfterClass cleanUp" time="-1.640027471546E9" classname="miniproject.TestNG_SeleniumParametersParallelExample">
    <skipped/>
  </testcase> <!-- @AfterClass cleanUp -->
  <testcase name="@BeforeClass setUp" time="-1.640027495828E9" classname="TestNGClasses.TestNG_Parameters">
    <failure type="org.testng.TestNGException" message="
Parameter &amp;apos;browser&amp;apos; is required by BeforeClass on method setUp but has not been marked @Optional or defined
">
      <![CDATA[org.testng.TestNGException: 
Parameter 'browser' is required by BeforeClass on method setUp but has not been marked @Optional or defined

at java.util.ArrayList.forEach(ArrayList.java:1257)
... Removed 32 stack frames]]>
    </failure>
  </testcase> <!-- @BeforeClass setUp -->
  <testcase name="testMethod" time="0.005" classname="basicweb.TestNG_TestCase"/>
  <testcase name="testLogin" time="0.0" classname="miniproject.TestNG_SeleniumParametersParallelExample">
    <skipped/>
  </testcase> <!-- testLogin -->
  <testcase name="testMethod1" time="0.001" classname="TestNGClasses.dataprovider.TestNG_DataProviders"/>
  <testcase name="testMethod1" time="0.001" classname="TestNGClasses.dataprovider.TestNG_DataProviders"/>
  <testcase name="testMethod1" time="0.001" classname="TestNGClasses.dataprovider.TestNG_DataProviders"/>
  <testcase name="testMethod1" time="0.012" classname="TestNGClasses.listeners.TestNG_ListenersTest1"/>
  <testcase name="testMethod2" time="0.006" classname="TestNGClasses.listeners.TestNG_ListenersTest1">
    <failure type="java.lang.AssertionError" message="expected [true] but found [false]">
      <![CDATA[java.lang.AssertionError: expected [true] but found [false]
at TestNGClasses.listeners.TestNG_ListenersTest1.testMethod2(TestNG_ListenersTest1.java:31)
at java.util.ArrayList.forEach(ArrayList.java:1257)
... Removed 41 stack frames]]>
    </failure>
  </testcase> <!-- testMethod2 -->
  <testcase name="testMethod1" time="0.0" classname="TestNGClasses.listeners.TestNG_ListenersTest2"/>
  <testcase name="testMethod2" time="0.0" classname="TestNGClasses.listeners.TestNG_ListenersTest2">
    <failure type="java.lang.AssertionError" message="expected [true] but found [false]">
      <![CDATA[java.lang.AssertionError: expected [true] but found [false]
at TestNGClasses.listeners.TestNG_ListenersTest2.testMethod2(TestNG_ListenersTest2.java:31)
at java.util.ArrayList.forEach(ArrayList.java:1257)
... Removed 41 stack frames]]>
    </failure>
  </testcase> <!-- testMethod2 -->
  <testcase name="testMethod1" time="6.002" classname="TestNGClasses.parallel.TestNG_Parallel1"/>
  <testcase name="testMethod2" time="6.002" classname="TestNGClasses.parallel.TestNG_Parallel1"/>
  <testcase name="testMethod1" time="6.001" classname="TestNGClasses.parallel.TestNG_Parallel2"/>
  <testcase name="testMethod2" time="6.001" classname="TestNGClasses.parallel.TestNG_Parallel2"/>
  <testcase name="testMethod1" time="0.0" classname="TestNGClasses.regression.TestNG_TestClass1"/>
  <testcase name="testMethod2" time="0.001" classname="TestNGClasses.regression.TestNG_TestClass1"/>
  <testcase name="testMethod1" time="0.001" classname="TestNGClasses.regression.TestNG_TestClass2"/>
  <testcase name="testMethod2" time="0.001" classname="TestNGClasses.regression.TestNG_TestClass2"/>
  <testcase name="testArrays" time="0.001" classname="TestNGClasses.TestNG_Asserts"/>
  <testcase name="testStrings" time="0.0" classname="TestNGClasses.TestNG_Asserts"/>
  <testcase name="testSum" time="0.001" classname="TestNGClasses.TestNG_Asserts"/>
  <testcase name="testMethod" time="0.001" classname="TestNGClasses.TestNG_Demo"/>
  <testcase name="testMethod2" time="0.001" classname="TestNGClasses.TestNG_DependentTests"/>
  <testcase name="testMethod1" time="0.0" classname="TestNGClasses.TestNG_DependentTests"/>
  <testcase name="testMethod3" time="0.0" classname="TestNGClasses.TestNG_DependentTests"/>
  <testcase name="testMethod4" time="0.001" classname="TestNGClasses.TestNG_DependentTests"/>
  <testcase name="testMethod2" time="0.107" classname="TestNGClasses.TestNG_EnableTimeout">
    <failure type="org.testng.internal.thread.ThreadTimeoutException" message="Method TestNGClasses.TestNG_EnableTimeout.testMethod2() didn&amp;apos;t finish within the time-out 100">
      <![CDATA[org.testng.internal.thread.ThreadTimeoutException: Method TestNGClasses.TestNG_EnableTimeout.testMethod2() didn't finish within the time-out 100
at java.util.ArrayList.forEach(ArrayList.java:1257)
... Removed 34 stack frames]]>
    </failure>
  </testcase> <!-- testMethod2 -->
  <testcase name="testAudiA6" time="0.001" classname="TestNGClasses.TestNG_Grouping"/>
  <testcase name="testBMWX6" time="0.0" classname="TestNGClasses.TestNG_Grouping"/>
  <testcase name="testHondaCBR" time="0.001" classname="TestNGClasses.TestNG_Grouping"/>
  <testcase name="testNinja" time="0.0" classname="TestNGClasses.TestNG_Grouping"/>
  <testcase name="testMethod1" time="0.0" classname="TestNGClasses.TestNG_ITestResultDemo">
    <failure type="java.lang.AssertionError" message="expected [true] but found [false]">
      <![CDATA[java.lang.AssertionError: expected [true] but found [false]
at TestNGClasses.TestNG_ITestResultDemo.testMethod1(TestNG_ITestResultDemo.java:13)
at java.util.ArrayList.forEach(ArrayList.java:1257)
... Removed 41 stack frames]]>
    </failure>
  </testcase> <!-- testMethod1 -->
  <testcase name="testMethod2" time="0.0" classname="TestNGClasses.TestNG_ITestResultDemo"/>
  <testcase name="testMethod1" time="0.001" classname="TestNGClasses.TestNG_MethodClassAnnotations"/>
  <testcase name="testMethod2" time="0.0" classname="TestNGClasses.TestNG_MethodClassAnnotations"/>
  <testcase name="testMethod1" time="0.0" classname="TestNGClasses.TestNG_Parameters">
    <failure type="org.testng.TestNGException" message="
Parameter &amp;apos;response&amp;apos; is required by @Test on method testMethod1 but has not been marked @Optional or defined
">
      <![CDATA[org.testng.TestNGException: 
Parameter 'response' is required by @Test on method testMethod1 but has not been marked @Optional or defined

at java.util.ArrayList.forEach(ArrayList.java:1257)
... Removed 36 stack frames]]>
    </failure>
  </testcase> <!-- testMethod1 -->
  <testcase name="testMethod1" time="0.001" classname="TestNGClasses.TestNG_Preserve1"/>
  <testcase name="testMethod2" time="0.001" classname="TestNGClasses.TestNG_Preserve1"/>
  <testcase name="testMethod1" time="0.031" classname="TestNGClasses.TestNG_Preserve2"/>
  <testcase name="testMethod2" time="0.0" classname="TestNGClasses.TestNG_Preserve2"/>
  <testcase name="testMethod3" time="0.001" classname="TestNGClasses.TestNG_Priority"/>
  <testcase name="testMethod2" time="0.0" classname="TestNGClasses.TestNG_Priority"/>
  <testcase name="testMethod1" time="0.001" classname="TestNGClasses.TestNG_Priority"/>
  <testcase name="testLogin" time="10.329" classname="TestNGClasses.TestNG_ScreenshotOnFailure">
    <failure type="org.openqa.selenium.NoSuchElementException" message="no such element: Unable to locate element: {&amp;quot;method&amp;quot;:&amp;quot;css selector&amp;quot;,&amp;quot;selector&amp;quot;:&amp;quot;*[name=&amp;apos;logins&amp;apos;]&amp;quot;}
  (Session info: chrome=96.0.4664.110)
For documentation on this error, please visit: https://selenium.dev/exceptions/#no_such_element
Build info: version: &amp;apos;4.0.0&amp;apos;, revision: &amp;apos;3a21814679&amp;apos;
System info: host: &amp;apos;LAPTOP-95JK0H48&amp;apos;, ip: &amp;apos;192.168.0.32&amp;apos;, os.name: &amp;apos;Windows 10&amp;apos;, os.arch: &amp;apos;amd64&amp;apos;, os.version: &amp;apos;10.0&amp;apos;, java.version: &amp;apos;1.8.0_181&amp;apos;
Driver info: org.openqa.selenium.chrome.ChromeDriver
Command: [e7a0bca17b18e2897f49cb4aca84b1d4, findElement {using=name, value=logins}]
Capabilities {acceptInsecureCerts: false, browserName: chrome, browserVersion: 96.0.4664.110, chrome: {chromedriverVersion: 96.0.4664.45 (76e4c1bb2ab46..., userDataDir: C:\Users\JOHNGU~1\AppData\L...}, goog:chromeOptions: {debuggerAddress: localhost:64895}, javascriptEnabled: true, networkConnectionEnabled: false, pageLoadStrategy: normal, platform: WINDOWS, platformName: WINDOWS, proxy: Proxy(), se:cdp: ws://localhost:64895/devtoo..., se:cdpVersion: 96.0.4664.110, setWindowRect: true, strictFileInteractability: false, timeouts: {implicit: 0, pageLoad: 300000, script: 30000}, unhandledPromptBehavior: dismiss and notify, webauthn:extension:credBlob: true, webauthn:extension:largeBlob: true, webauthn:virtualAuthenticators: true}
Session ID: e7a0bca17b18e2897f49cb4aca84b1d4">
      <![CDATA[org.openqa.selenium.NoSuchElementException: no such element: Unable to locate element: {"method":"css selector","selector":"*[name='logins']"}
  (Session info: chrome=96.0.4664.110)
For documentation on this error, please visit: https://selenium.dev/exceptions/#no_such_element
Build info: version: '4.0.0', revision: '3a21814679'
System info: host: 'LAPTOP-95JK0H48', ip: '192.168.0.32', os.name: 'Windows 10', os.arch: 'amd64', os.version: '10.0', java.version: '1.8.0_181'
Driver info: org.openqa.selenium.chrome.ChromeDriver
Command: [e7a0bca17b18e2897f49cb4aca84b1d4, findElement {using=name, value=logins}]
Capabilities {acceptInsecureCerts: false, browserName: chrome, browserVersion: 96.0.4664.110, chrome: {chromedriverVersion: 96.0.4664.45 (76e4c1bb2ab46..., userDataDir: C:\Users\JOHNGU~1\AppData\L...}, goog:chromeOptions: {debuggerAddress: localhost:64895}, javascriptEnabled: true, networkConnectionEnabled: false, pageLoadStrategy: normal, platform: WINDOWS, platformName: WINDOWS, proxy: Proxy(), se:cdp: ws://localhost:64895/devtoo..., se:cdpVersion: 96.0.4664.110, setWindowRect: true, strictFileInteractability: false, timeouts: {implicit: 0, pageLoad: 300000, script: 30000}, unhandledPromptBehavior: dismiss and notify, webauthn:extension:credBlob: true, webauthn:extension:largeBlob: true, webauthn:virtualAuthenticators: true}
Session ID: e7a0bca17b18e2897f49cb4aca84b1d4
at org.openqa.selenium.remote.codec.w3c.W3CHttpResponseCodec.createException(W3CHttpResponseCodec.java:200)
at org.openqa.selenium.remote.codec.w3c.W3CHttpResponseCodec.decode(W3CHttpResponseCodec.java:133)
at org.openqa.selenium.remote.codec.w3c.W3CHttpResponseCodec.decode(W3CHttpResponseCodec.java:53)
at org.openqa.selenium.remote.HttpCommandExecutor.execute(HttpCommandExecutor.java:184)
at org.openqa.selenium.remote.service.DriverCommandExecutor.invokeExecute(DriverCommandExecutor.java:164)
at org.openqa.selenium.remote.service.DriverCommandExecutor.execute(DriverCommandExecutor.java:139)
at org.openqa.selenium.remote.RemoteWebDriver.execute(RemoteWebDriver.java:559)
at org.openqa.selenium.remote.ElementLocation$ElementFinder$2.findElement(ElementLocation.java:162)
at org.openqa.selenium.remote.ElementLocation.findElement(ElementLocation.java:66)
at org.openqa.selenium.remote.RemoteWebDriver.findElement(RemoteWebDriver.java:383)
at org.openqa.selenium.remote.RemoteWebDriver.findElement(RemoteWebDriver.java:375)
at TestNGClasses.TestNG_ScreenshotOnFailure.testLogin(TestNG_ScreenshotOnFailure.java:35)
at java.util.ArrayList.forEach(ArrayList.java:1257)
... Removed 41 stack frames]]>
    </failure>
  </testcase> <!-- testLogin -->
  <testcase name="testSum" time="0.042" classname="TestNGClasses.TestNG_SoftAsserts">
    <failure type="java.lang.AssertionError" message="The following asserts failed:
	expected [2] but found [3]">
      <![CDATA[java.lang.AssertionError: The following asserts failed:
expected [2] but found [3]
at TestNGClasses.TestNG_SoftAsserts.testSum(TestNG_SoftAsserts.java:19)
at java.util.ArrayList.forEach(ArrayList.java:1257)
... Removed 39 stack frames]]>
    </failure>
  </testcase> <!-- testSum -->
  <testcase name="testMethod1" time="0.001" classname="TestNGClasses.TestNG_TestAnnotation"/>
  <testcase name="testMethod2" time="0.0" classname="TestNGClasses.TestNG_TestAnnotation"/>
  <testcase name="testMethod3" time="0.001" classname="TestNGClasses.TestNG_TestAnnotation"/>
  <testcase name="testMethod1" time="0.0" classname="TestNGClasses.TestNG_TestClass1"/>
  <testcase name="testMethod2" time="0.001" classname="TestNGClasses.TestNG_TestClass1"/>
  <testcase name="testMethod1" time="0.001" classname="TestNGClasses.TestNG_TestClass2"/>
  <testcase name="testMethod2" time="0.004" classname="TestNGClasses.TestNG_TestClass2"/>
  <testcase name="@AfterTest afterTest" time="0.0" classname="TestNGClasses.base.BaseTestSuite">
    <ignored/>
  </testcase> <!-- @AfterTest afterTest -->
  <testcase name="@AfterTest afterTest" time="0.0" classname="TestNGClasses.base.BaseTestSuite">
    <ignored/>
  </testcase> <!-- @AfterTest afterTest -->
  <testcase name="@AfterTest afterTest" time="0.0" classname="TestNGClasses.base.BaseTestSuite">
    <ignored/>
  </testcase> <!-- @AfterTest afterTest -->
  <testcase name="@BeforeSuite beforeSuite" time="0.0" classname="TestNGClasses.base.BaseTestSuite">
    <ignored/>
  </testcase> <!-- @BeforeSuite beforeSuite -->
  <testcase name="@BeforeSuite beforeSuite" time="0.0" classname="TestNGClasses.base.BaseTestSuite">
    <ignored/>
  </testcase> <!-- @BeforeSuite beforeSuite -->
  <testcase name="@BeforeSuite beforeSuite" time="0.0" classname="TestNGClasses.base.BaseTestSuite">
    <ignored/>
  </testcase> <!-- @BeforeSuite beforeSuite -->
  <testcase name="@AfterSuite afterSuite" time="0.0" classname="TestNGClasses.base.BaseTestSuite">
    <ignored/>
  </testcase> <!-- @AfterSuite afterSuite -->
  <testcase name="@AfterSuite afterSuite" time="0.0" classname="TestNGClasses.base.BaseTestSuite">
    <ignored/>
  </testcase> <!-- @AfterSuite afterSuite -->
  <testcase name="@AfterSuite afterSuite" time="0.0" classname="TestNGClasses.base.BaseTestSuite">
    <ignored/>
  </testcase> <!-- @AfterSuite afterSuite -->
  <testcase name="@BeforeTest beforeTest" time="0.0" classname="TestNGClasses.base.BaseTestSuite">
    <ignored/>
  </testcase> <!-- @BeforeTest beforeTest -->
  <testcase name="@BeforeTest beforeTest" time="0.0" classname="TestNGClasses.base.BaseTestSuite">
    <ignored/>
  </testcase> <!-- @BeforeTest beforeTest -->
  <testcase name="@BeforeTest beforeTest" time="0.0" classname="TestNGClasses.base.BaseTestSuite">
    <ignored/>
  </testcase> <!-- @BeforeTest beforeTest -->
  <testcase name="testMethod1" time="0.0" classname="TestNGClasses.TestNG_EnableTimeout">
    <ignored/>
  </testcase> <!-- testMethod1 -->
</testsuite> <!-- Command line test -->
